  Checking Build System
  CMake is re-running because generate.stamp.list is missing.
  -- The C compiler identification is MSVC 19.0.23918.0
  -- The CXX compiler identification is MSVC 19.0.23918.0
  -- Check for working C compiler using: Visual Studio 14 2015 Win64
  -- Check for working C compiler using: Visual Studio 14 2015 Win64 -- works
  -- Detecting C compiler ABI info
  -- Detecting C compiler ABI info - done
  -- Check for working CXX compiler using: Visual Studio 14 2015 Win64
  -- Check for working CXX compiler using: Visual Studio 14 2015 Win64 -- works
  -- Detecting CXX compiler ABI info
  -- Detecting CXX compiler ABI info - done
  -- Detecting CXX compile features
  -- Detecting CXX compile features - done
  -- Could NOT find PkgConfig (missing:  PKG_CONFIG_EXECUTABLE) 
  CMake Warning at CMakeLists.txt:113 (FIND_PACKAGE):
    By not providing "FindOpenCV.cmake" in CMAKE_MODULE_PATH this project has
    asked CMake to find a package configuration file provided by "OpenCV", but
    CMake did not find one.
  
    Could not find a package configuration file provided by "OpenCV" with any
    of the following names:
  
      OpenCVConfig.cmake
      opencv-config.cmake
  
    Add the installation prefix of "OpenCV" to CMAKE_PREFIX_PATH or set
    "OpenCV_DIR" to a directory containing one of the above files.  If "OpenCV"
    provides a separate development package or SDK, be sure it has been
    installed.
  
  
  -- A library with BLAS API not found. Please specify library location.
  -- LAPACK requires BLAS
  -- A library with LAPACK API not found. Please specify library location.
  -- A library with BLAS API not found. Please specify library location.
  -- Configuring done
  -- Generating done
  -- Build files have been written to: C:/Users/Janina/GitHub/CR1
